2025-09-29 17:25:12,211 INFO: LOVe Enhanced startup [in C:\Users\UserX\Documents\GitHub\LOVe-Repo\Lovewip\app.py:60]
2025-09-29 17:25:12,927 INFO: LOVe Enhanced startup [in C:\Users\UserX\Documents\GitHub\LOVe-Repo\Lovewip\app.py:60]
2025-09-29 17:29:29,516 INFO: LOVe Enhanced startup [in C:\Users\UserX\Documents\GitHub\LOVe-Repo\Lovewip\app.py:60]
2025-09-29 17:29:30,166 INFO: LOVe Enhanced startup [in C:\Users\UserX\Documents\GitHub\LOVe-Repo\Lovewip\app.py:60]
2025-09-29 17:30:45,436 WARNING: Registration failed for username JarnoL: UNIQUE constraint failed: users.email [in C:\Users\UserX\Documents\GitHub\LOVe-Repo\Lovewip\app.py:754]
2025-09-29 17:35:19,906 INFO: LOVe Enhanced startup [in C:\Users\UserX\Documents\GitHub\LOVe-Repo\Lovewip\app.py:60]
2025-09-29 17:40:09,175 INFO: LOVe Enhanced startup [in C:\Users\UserX\Documents\GitHub\LOVe-Repo\Lovewip\app.py:64]
2025-09-29 17:40:09,818 INFO: LOVe Enhanced startup [in C:\Users\UserX\Documents\GitHub\LOVe-Repo\Lovewip\app.py:64]
2025-09-29 17:42:11,564 INFO: LOVe Enhanced startup [in C:\Users\UserX\Documents\GitHub\LOVe-Repo\Lovewip\app.py:64]
2025-09-29 17:42:12,173 INFO: LOVe Enhanced startup [in C:\Users\UserX\Documents\GitHub\LOVe-Repo\Lovewip\app.py:64]
2025-09-29 17:42:33,533 WARNING: SMTP ei konfiguroitu. Salasanan palautuslinkki: http://127.0.0.1:5000/reset-password/Imphcm5vLmsubGFodGlAbWFpbC5jb20i.aNqa2Q.1C_BdMbJYkItTRAukUJEWVTzHHI [in C:\Users\UserX\Documents\GitHub\LOVe-Repo\Lovewip\app.py:205]
2025-09-29 17:42:33,539 INFO: Password reset requested for: jarno.k.lahti@mail.com [in C:\Users\UserX\Documents\GitHub\LOVe-Repo\Lovewip\app.py:911]
2025-09-29 17:45:05,903 INFO: Password reset successful for: jarno.k.lahti@mail.com [in C:\Users\UserX\Documents\GitHub\LOVe-Repo\Lovewip\app.py:972]
2025-09-29 17:45:15,245 WARNING: Failed login attempt for username: jakala (user not found) [in C:\Users\UserX\Documents\GitHub\LOVe-Repo\Lovewip\app.py:777]
2025-09-29 17:45:33,272 WARNING: Failed login attempt for username: JarnoL (user not found) [in C:\Users\UserX\Documents\GitHub\LOVe-Repo\Lovewip\app.py:777]
2025-09-29 17:50:05,631 INFO: User jklahti logged in successfully [in C:\Users\UserX\Documents\GitHub\LOVe-Repo\Lovewip\app.py:795]
2025-09-29 17:54:28,124 INFO: LOVe Enhanced startup [in C:\Users\UserX\Documents\GitHub\LOVe-Repo\Lovewip\app.py:64]
2025-09-29 17:54:28,920 INFO: LOVe Enhanced startup [in C:\Users\UserX\Documents\GitHub\LOVe-Repo\Lovewip\app.py:64]
2025-09-29 17:55:04,470 INFO: User jklahti unlocked 3 achievements [in C:\Users\UserX\Documents\GitHub\LOVe-Repo\Lovewip\app.py:533]
2025-09-29 18:01:09,858 INFO: LOVe Enhanced startup [in C:\Users\UserX\Documents\GitHub\LOVe-Repo\Lovewip\app.py:64]
2025-09-29 18:01:10,638 INFO: LOVe Enhanced startup [in C:\Users\UserX\Documents\GitHub\LOVe-Repo\Lovewip\app.py:64]
2025-09-29 18:04:21,047 INFO: LOVe Enhanced startup [in C:\Users\UserX\Documents\GitHub\LOVe-Repo\Lovewip\app.py:64]
2025-09-29 18:04:21,597 INFO: LOVe Enhanced startup [in C:\Users\UserX\Documents\GitHub\LOVe-Repo\Lovewip\app.py:64]
2025-09-29 18:05:32,737 INFO: LOVe Enhanced startup [in C:\Users\UserX\Documents\GitHub\LOVe-Repo\Lovewip\app.py:64]
2025-09-29 18:16:27,798 INFO: LOVe Enhanced startup [in C:\Users\UserX\Documents\GitHub\LOVe-Repo\Lovewip\app.py:64]
2025-09-29 18:16:28,593 INFO: LOVe Enhanced startup [in C:\Users\UserX\Documents\GitHub\LOVe-Repo\Lovewip\app.py:64]
2025-09-29 18:17:23,555 INFO: User jklahti completed simulation: 0/50 (0.0%) [in C:\Users\UserX\Documents\GitHub\LOVe-Repo\Lovewip\app.py:573]
2025-09-29 18:18:08,528 INFO: LOVe Enhanced startup [in C:\Users\UserX\Documents\GitHub\LOVe-Repo\Lovewip\app.py:64]
2025-09-29 18:19:56,621 INFO: LOVe Enhanced startup [in C:\Users\UserX\Documents\GitHub\LOVe-Repo\Lovewip\app.py:64]
2025-09-29 18:20:32,596 INFO: LOVe Enhanced startup [in C:\Users\UserX\Documents\GitHub\LOVe-Repo\Lovewip\app.py:64]
2025-09-29 18:24:32,076 INFO: LOVe Enhanced startup [in C:\Users\UserX\Documents\GitHub\LOVe-Repo\Lovewip\app.py:64]
2025-09-29 18:24:32,704 INFO: LOVe Enhanced startup [in C:\Users\UserX\Documents\GitHub\LOVe-Repo\Lovewip\app.py:64]
2025-09-29 18:25:00,675 INFO: User jklahti submitted distractor: correct=False [in C:\Users\UserX\Documents\GitHub\LOVe-Repo\Lovewip\app.py:425]
2025-09-29 18:25:12,017 INFO: User jklahti submitted distractor: correct=True [in C:\Users\UserX\Documents\GitHub\LOVe-Repo\Lovewip\app.py:425]
2025-09-29 18:25:28,915 INFO: User jklahti submitted distractor: correct=True [in C:\Users\UserX\Documents\GitHub\LOVe-Repo\Lovewip\app.py:425]
2025-09-29 18:25:40,794 INFO: User jklahti submitted distractor: correct=True [in C:\Users\UserX\Documents\GitHub\LOVe-Repo\Lovewip\app.py:425]
2025-09-29 18:25:47,318 INFO: User jklahti completed simulation: 0/50 (0.0%) [in C:\Users\UserX\Documents\GitHub\LOVe-Repo\Lovewip\app.py:573]
2025-09-29 18:32:53,200 INFO: LOVe Enhanced startup [in C:\Users\UserX\Documents\GitHub\LOVe-Repo\Lovewip\app.py:64]
2025-09-29 18:32:53,790 INFO: LOVe Enhanced startup [in C:\Users\UserX\Documents\GitHub\LOVe-Repo\Lovewip\app.py:64]
2025-09-29 18:34:51,631 INFO: LOVe Enhanced startup [in C:\Users\UserX\Documents\GitHub\LOVe-Repo\Lovewip\app.py:64]
2025-09-29 18:34:52,168 INFO: LOVe Enhanced startup [in C:\Users\UserX\Documents\GitHub\LOVe-Repo\Lovewip\app.py:64]
2025-09-29 18:35:43,083 INFO: LOVe Enhanced startup [in C:\Users\UserX\Documents\GitHub\LOVe-Repo\Lovewip\app.py:64]
2025-09-29 18:36:29,741 INFO: LOVe Enhanced startup [in C:\Users\UserX\Documents\GitHub\LOVe-Repo\Lovewip\app.py:64]
2025-09-29 18:36:30,338 INFO: LOVe Enhanced startup [in C:\Users\UserX\Documents\GitHub\LOVe-Repo\Lovewip\app.py:64]
2025-09-29 18:39:14,888 INFO: LOVe Enhanced startup [in C:\Users\UserX\Documents\GitHub\LOVe-Repo\Lovewip\app.py:64]
2025-09-29 18:43:59,969 INFO: LOVe Enhanced startup [in C:\Users\UserX\Documents\GitHub\LOVe-Repo\Lovewip\app.py:64]
2025-09-29 19:49:03,188 INFO: LOVe Enhanced startup [in C:\Users\UserX\Documents\GitHub\LOVe-Repo\Lovewip\app.py:64]
